-----------------------------------------------------------------------------------------------------------------------------------
      name:  <unnamed>
       log:  F:\user\Jagriti\Desktop\NFHS DATA\ques2.log
  log type:  text
 opened on:  19 Jun 2024, 06:15:36

. reg educ fatheduc motheduc

      Source |       SS           df       MS      Number of obs   =     2,237
-------------+----------------------------------   F(2, 2234)      =    373.38
       Model |  3762.82544         2  1881.41272   Prob > F        =    0.0000
    Residual |  11256.7409     2,234  5.03882764   R-squared       =    0.2505
-------------+----------------------------------   Adj R-squared   =    0.2499
       Total |  15019.5664     2,236  6.71715849   Root MSE        =    2.2447

------------------------------------------------------------------------------
        educ |      Coef.   Std. Err.      t    P>|t|     [95% Conf. Interval]
-------------+----------------------------------------------------------------
    fatheduc |   .2211381   .0164693    13.43   0.000     .1888413    .2534349
    motheduc |   .2022084   .0199544    10.13   0.000     .1630772    .2413396
       _cons |   9.253874    .174699    52.97   0.000     8.911285    9.596464
------------------------------------------------------------------------------

. ivregress 2sls wage ( educ= fatheduc motheduc) exper region gender,first robust

First-stage regressions
-----------------------

                                                Number of obs     =      2,237
                                                F(   5,   2231)   =     473.86
                                                Prob > F          =     0.0000
                                                R-squared         =     0.4765
                                                Adj R-squared     =     0.4754
                                                Root MSE          =     1.8772

------------------------------------------------------------------------------
             |               Robust
        educ |      Coef.   Std. Err.      t    P>|t|     [95% Conf. Interval]
-------------+----------------------------------------------------------------
       exper |  -.3435736    .009796   -35.07   0.000    -.3627839   -.3243633
      region |   .3570955   .1177941     3.03   0.002      .126098     .588093
      gender |  -.3067677   .0909687    -3.37   0.001    -.4851598   -.1283757
    fatheduc |   .1195853   .0152155     7.86   0.000     .0897473    .1494233
    motheduc |   .1317726   .0178943     7.36   0.000     .0966813    .1668639
       _cons |   13.60881   .2854655    47.67   0.000       13.049    14.16861
------------------------------------------------------------------------------


Instrumental variables (2SLS) regression          Number of obs   =      2,237
                                                  Wald chi2(4)    =     334.55
                                                  Prob > chi2     =     0.0000
                                                  R-squared       =     0.1542
                                                  Root MSE        =      243.1

------------------------------------------------------------------------------
             |               Robust
        wage |      Coef.   Std. Err.      z    P>|z|     [95% Conf. Interval]
-------------+----------------------------------------------------------------
        educ |     81.186    8.23328     9.86   0.000     65.04907    97.32293
       exper |   37.92494   3.482056    10.89   0.000     31.10024    44.74965
      region |   67.28599    14.4436     4.66   0.000     38.97705    95.59493
      gender |  -60.31186   11.53692    -5.23   0.000    -82.92382   -37.69991
       _cons |   -877.598   128.1779    -6.85   0.000    -1128.822   -626.3739
------------------------------------------------------------------------------
Instrumented:  educ
Instruments:   exper region gender fatheduc motheduc

. tab gender

  gender of |
        the |
 individual |      Freq.     Percent        Cum.
------------+-----------------------------------
       male |      2,144       71.23       71.23
     female |        866       28.77      100.00
------------+-----------------------------------
      Total |      3,010      100.00

. tab region

    type of |
   place of |
  residence |      Freq.     Percent        Cum.
------------+-----------------------------------
          1 |        703       23.36       23.36
          2 |      2,307       76.64      100.00
------------+-----------------------------------
      Total |      3,010      100.00

. gen urbn= region==1

. gen female= gender==1

. ivregress 2sls wage( educ= fatheduc motheduc) exper urbn female,first robust
parentheses unbalanced
r(132);

. ivregress 2sls wage ( educ= fatheduc motheduc) exper urbn female,first robust

First-stage regressions
-----------------------

                                                Number of obs     =      2,237
                                                F(   5,   2231)   =     473.86
                                                Prob > F          =     0.0000
                                                R-squared         =     0.4765
                                                Adj R-squared     =     0.4754
                                                Root MSE          =     1.8772

------------------------------------------------------------------------------
             |               Robust
        educ |      Coef.   Std. Err.      t    P>|t|     [95% Conf. Interval]
-------------+----------------------------------------------------------------
       exper |  -.3435736    .009796   -35.07   0.000    -.3627839   -.3243633
        urbn |  -.3570955   .1177941    -3.03   0.002     -.588093    -.126098
      female |   .3067677   .0909687     3.37   0.001     .1283757    .4851598
    fatheduc |   .1195853   .0152155     7.86   0.000     .0897473    .1494233
    motheduc |   .1317726   .0178943     7.36   0.000     .0966813    .1668639
       _cons |   13.70946   .2293424    59.78   0.000     13.25972    14.15921
------------------------------------------------------------------------------


Instrumental variables (2SLS) regression          Number of obs   =      2,237
                                                  Wald chi2(4)    =     334.55
                                                  Prob > chi2     =     0.0000
                                                  R-squared       =     0.1542
                                                  Root MSE        =      243.1

------------------------------------------------------------------------------
             |               Robust
        wage |      Coef.   Std. Err.      z    P>|z|     [95% Conf. Interval]
-------------+----------------------------------------------------------------
        educ |     81.186    8.23328     9.86   0.000     65.04907    97.32293
       exper |   37.92494   3.482056    10.89   0.000     31.10024    44.74965
        urbn |  -67.28599    14.4436    -4.66   0.000    -95.59493   -38.97705
      female |   60.31186   11.53692     5.23   0.000     37.69991    82.92382
       _cons |  -863.6497    139.381    -6.20   0.000    -1136.831    -590.468
------------------------------------------------------------------------------
Instrumented:  educ
Instruments:   exper urbn female fatheduc motheduc

. gr7 wage educ, twoway box

. gladder wage

. gen wage_sqrt= wage^0.5

. drop wage_sqrt 

. gen lwage=log( wage0
too few ')' or ']'
r(132);

. gen lwage=log( wage)

. ivregress 2sls lwage ( educ= fatheduc motheduc) exper urbn female,first robust

First-stage regressions
-----------------------

                                                Number of obs     =      2,237
                                                F(   5,   2231)   =     473.86
                                                Prob > F          =     0.0000
                                                R-squared         =     0.4765
                                                Adj R-squared     =     0.4754
                                                Root MSE          =     1.8772

------------------------------------------------------------------------------
             |               Robust
        educ |      Coef.   Std. Err.      t    P>|t|     [95% Conf. Interval]
-------------+----------------------------------------------------------------
       exper |  -.3435736    .009796   -35.07   0.000    -.3627839   -.3243633
        urbn |  -.3570955   .1177941    -3.03   0.002     -.588093    -.126098
      female |   .3067677   .0909687     3.37   0.001     .1283757    .4851598
    fatheduc |   .1195853   .0152155     7.86   0.000     .0897473    .1494233
    motheduc |   .1317726   .0178943     7.36   0.000     .0966813    .1668639
       _cons |   13.70946   .2293424    59.78   0.000     13.25972    14.15921
------------------------------------------------------------------------------


Instrumental variables (2SLS) regression          Number of obs   =      2,237
                                                  Wald chi2(4)    =     365.36
                                                  Prob > chi2     =     0.0000
                                                  R-squared       =     0.1770
                                                  Root MSE        =     .39783

------------------------------------------------------------------------------
             |               Robust
       lwage |      Coef.   Std. Err.      z    P>|z|     [95% Conf. Interval]
-------------+----------------------------------------------------------------
        educ |   .1272744   .0128768     9.88   0.000     .1020364    .1525124
       exper |   .0582252   .0056271    10.35   0.000     .0471964     .069254
        urbn |  -.1505972   .0269711    -5.58   0.000    -.2034596   -.0977348
      female |   .1266819   .0201079     6.30   0.000     .0872711    .1660927
       _cons |   4.001555   .2189269    18.28   0.000     3.572466    4.430644
------------------------------------------------------------------------------
Instrumented:  educ
Instruments:   exper urbn female fatheduc motheduc

. estat endog

  Tests of endogeneity
  Ho: variables are exogenous

  Robust score chi2(1)            =  14.9246  (p = 0.0001)
  Robust regression F(1,2231)     =   15.016  (p = 0.0001)

. estat overid

  Test of overidentifying restrictions:

  Score chi2(1)          =  .584911  (p = 0.4444)

. log close
      name:  <unnamed>
       log:  F:\user\Jagriti\Desktop\NFHS DATA\ques2.log
  log type:  text
 closed on:  19 Jun 2024, 06:46:21
-----------------------------------------------------------------------------------------------------------------------------------
